{"C:\\Users\\hakik\\portolio\\nodejs-microservice\\catalog_service\\src\\api\\catelog.routes.ts": {"path":"C:\\Users\\hakik\\portolio\\nodejs-microservice\\catalog_service\\src\\api\\catelog.routes.ts","all":false,"statementMap":{"0":{"start":{"line":1,"column":0},"end":{"line":1,"column":67}},"1":{"start":{"line":2,"column":0},"end":{"line":2,"column":61}},"2":{"start":{"line":3,"column":0},"end":{"line":3,"column":69}},"3":{"start":{"line":4,"column":0},"end":{"line":4,"column":61}},"4":{"start":{"line":5,"column":0},"end":{"line":5,"column":80}},"5":{"start":{"line":6,"column":0},"end":{"line":6,"column":0}},"6":{"start":{"line":7,"column":0},"end":{"line":7,"column":32}},"7":{"start":{"line":8,"column":0},"end":{"line":8,"column":0}},"8":{"start":{"line":9,"column":0},"end":{"line":9,"column":74}},"9":{"start":{"line":10,"column":0},"end":{"line":10,"column":0}},"10":{"start":{"line":11,"column":0},"end":{"line":11,"column":12}},"11":{"start":{"line":12,"column":0},"end":{"line":12,"column":14}},"12":{"start":{"line":13,"column":0},"end":{"line":13,"column":76}},"13":{"start":{"line":14,"column":0},"end":{"line":14,"column":9}},"14":{"start":{"line":15,"column":0},"end":{"line":15,"column":55}},"15":{"start":{"line":16,"column":0},"end":{"line":16,"column":29}},"16":{"start":{"line":17,"column":0},"end":{"line":17,"column":16}},"17":{"start":{"line":18,"column":0},"end":{"line":18,"column":8}},"18":{"start":{"line":19,"column":0},"end":{"line":19,"column":0}},"19":{"start":{"line":20,"column":0},"end":{"line":20,"column":54}},"20":{"start":{"line":21,"column":0},"end":{"line":21,"column":0}},"21":{"start":{"line":22,"column":0},"end":{"line":22,"column":61}},"22":{"start":{"line":23,"column":0},"end":{"line":23,"column":0}},"23":{"start":{"line":24,"column":0},"end":{"line":24,"column":40}},"24":{"start":{"line":25,"column":0},"end":{"line":25,"column":21}},"25":{"start":{"line":26,"column":0},"end":{"line":26,"column":33}},"26":{"start":{"line":27,"column":0},"end":{"line":27,"column":47}},"27":{"start":{"line":28,"column":0},"end":{"line":28,"column":5}},"28":{"start":{"line":29,"column":0},"end":{"line":29,"column":3}},"29":{"start":{"line":30,"column":0},"end":{"line":30,"column":2}},"30":{"start":{"line":31,"column":0},"end":{"line":31,"column":0}},"31":{"start":{"line":32,"column":0},"end":{"line":32,"column":13}},"32":{"start":{"line":33,"column":0},"end":{"line":33,"column":18}},"33":{"start":{"line":34,"column":0},"end":{"line":34,"column":76}},"34":{"start":{"line":35,"column":0},"end":{"line":35,"column":9}},"35":{"start":{"line":36,"column":0},"end":{"line":36,"column":55}},"36":{"start":{"line":37,"column":0},"end":{"line":37,"column":29}},"37":{"start":{"line":38,"column":0},"end":{"line":38,"column":16}},"38":{"start":{"line":39,"column":0},"end":{"line":39,"column":8}},"39":{"start":{"line":40,"column":0},"end":{"line":40,"column":0}},"40":{"start":{"line":41,"column":0},"end":{"line":41,"column":46}},"41":{"start":{"line":42,"column":0},"end":{"line":42,"column":0}},"42":{"start":{"line":43,"column":0},"end":{"line":43,"column":54}},"43":{"start":{"line":44,"column":0},"end":{"line":44,"column":0}},"44":{"start":{"line":45,"column":0},"end":{"line":45,"column":72}},"45":{"start":{"line":46,"column":0},"end":{"line":46,"column":0}},"46":{"start":{"line":47,"column":0},"end":{"line":47,"column":40}},"47":{"start":{"line":48,"column":0},"end":{"line":48,"column":21}},"48":{"start":{"line":49,"column":0},"end":{"line":49,"column":33}},"49":{"start":{"line":50,"column":0},"end":{"line":50,"column":47}},"50":{"start":{"line":51,"column":0},"end":{"line":51,"column":5}},"51":{"start":{"line":52,"column":0},"end":{"line":52,"column":3}},"52":{"start":{"line":53,"column":0},"end":{"line":53,"column":2}},"53":{"start":{"line":54,"column":0},"end":{"line":54,"column":0}},"54":{"start":{"line":55,"column":0},"end":{"line":55,"column":11}},"55":{"start":{"line":56,"column":0},"end":{"line":56,"column":14}},"56":{"start":{"line":57,"column":0},"end":{"line":57,"column":76}},"57":{"start":{"line":58,"column":0},"end":{"line":58,"column":45}},"58":{"start":{"line":59,"column":0},"end":{"line":59,"column":47}},"59":{"start":{"line":60,"column":0},"end":{"line":60,"column":9}},"60":{"start":{"line":61,"column":0},"end":{"line":61,"column":67}},"61":{"start":{"line":62,"column":0},"end":{"line":62,"column":0}},"62":{"start":{"line":63,"column":0},"end":{"line":63,"column":40}},"63":{"start":{"line":64,"column":0},"end":{"line":64,"column":21}},"64":{"start":{"line":65,"column":0},"end":{"line":65,"column":33}},"65":{"start":{"line":66,"column":0},"end":{"line":66,"column":47}},"66":{"start":{"line":67,"column":0},"end":{"line":67,"column":5}},"67":{"start":{"line":68,"column":0},"end":{"line":68,"column":3}},"68":{"start":{"line":69,"column":0},"end":{"line":69,"column":2}},"69":{"start":{"line":70,"column":0},"end":{"line":70,"column":0}},"70":{"start":{"line":71,"column":0},"end":{"line":71,"column":11}},"71":{"start":{"line":72,"column":0},"end":{"line":72,"column":18}},"72":{"start":{"line":73,"column":0},"end":{"line":73,"column":76}},"73":{"start":{"line":74,"column":0},"end":{"line":74,"column":44}},"74":{"start":{"line":75,"column":0},"end":{"line":75,"column":9}},"75":{"start":{"line":76,"column":0},"end":{"line":76,"column":55}},"76":{"start":{"line":77,"column":0},"end":{"line":77,"column":0}},"77":{"start":{"line":78,"column":0},"end":{"line":78,"column":40}},"78":{"start":{"line":79,"column":0},"end":{"line":79,"column":21}},"79":{"start":{"line":80,"column":0},"end":{"line":80,"column":33}},"80":{"start":{"line":81,"column":0},"end":{"line":81,"column":47}},"81":{"start":{"line":82,"column":0},"end":{"line":82,"column":5}},"82":{"start":{"line":83,"column":0},"end":{"line":83,"column":3}},"83":{"start":{"line":84,"column":0},"end":{"line":84,"column":2}},"84":{"start":{"line":85,"column":0},"end":{"line":85,"column":0}},"85":{"start":{"line":86,"column":0},"end":{"line":86,"column":14}},"86":{"start":{"line":87,"column":0},"end":{"line":87,"column":18}},"87":{"start":{"line":88,"column":0},"end":{"line":88,"column":76}},"88":{"start":{"line":89,"column":0},"end":{"line":89,"column":44}},"89":{"start":{"line":90,"column":0},"end":{"line":90,"column":9}},"90":{"start":{"line":91,"column":0},"end":{"line":91,"column":58}},"91":{"start":{"line":92,"column":0},"end":{"line":92,"column":0}},"92":{"start":{"line":93,"column":0},"end":{"line":93,"column":40}},"93":{"start":{"line":94,"column":0},"end":{"line":94,"column":21}},"94":{"start":{"line":95,"column":0},"end":{"line":95,"column":33}},"95":{"start":{"line":96,"column":0},"end":{"line":96,"column":47}},"96":{"start":{"line":97,"column":0},"end":{"line":97,"column":5}},"97":{"start":{"line":98,"column":0},"end":{"line":98,"column":3}},"98":{"start":{"line":99,"column":0},"end":{"line":99,"column":2}},"99":{"start":{"line":100,"column":0},"end":{"line":100,"column":0}},"100":{"start":{"line":101,"column":0},"end":{"line":101,"column":22}}},"s":{"0":1,"1":1,"2":1,"3":1,"4":1,"5":1,"6":1,"7":1,"8":1,"9":1,"10":1,"11":1,"12":1,"13":3,"14":3,"15":3,"16":3,"17":3,"18":3,"19":3,"20":2,"21":2,"22":1,"23":1,"24":1,"25":1,"26":1,"27":1,"28":3,"29":1,"30":1,"31":1,"32":1,"33":1,"34":3,"35":3,"36":3,"37":3,"38":3,"39":3,"40":3,"41":3,"42":3,"43":2,"44":2,"45":1,"46":1,"47":1,"48":1,"49":1,"50":1,"51":3,"52":1,"53":1,"54":1,"55":1,"56":1,"57":1,"58":1,"59":1,"60":1,"61":1,"62":1,"63":1,"64":0,"65":0,"66":0,"67":1,"68":1,"69":1,"70":1,"71":1,"72":1,"73":1,"74":1,"75":1,"76":1,"77":1,"78":1,"79":0,"80":0,"81":0,"82":1,"83":1,"84":1,"85":1,"86":1,"87":1,"88":1,"89":1,"90":1,"91":1,"92":1,"93":1,"94":0,"95":0,"96":0,"97":1,"98":1,"99":1,"100":1},"branchMap":{"0":{"type":"branch","line":13,"loc":{"start":{"line":13,"column":2},"end":{"line":29,"column":3}},"locations":[{"start":{"line":13,"column":2},"end":{"line":29,"column":3}}]},"1":{"type":"branch","line":13,"loc":{"start":{"line":13,"column":74},"end":{"line":29,"column":3}},"locations":[{"start":{"line":13,"column":74},"end":{"line":29,"column":3}}]},"2":{"type":"branch","line":20,"loc":{"start":{"line":20,"column":18},"end":{"line":20,"column":54}},"locations":[{"start":{"line":20,"column":18},"end":{"line":20,"column":54}}]},"3":{"type":"branch","line":21,"loc":{"start":{"line":21,"column":-2},"end":{"line":22,"column":61}},"locations":[{"start":{"line":21,"column":-2},"end":{"line":22,"column":61}}]},"4":{"type":"branch","line":23,"loc":{"start":{"line":23,"column":-2},"end":{"line":28,"column":5}},"locations":[{"start":{"line":23,"column":-2},"end":{"line":28,"column":5}}]},"5":{"type":"branch","line":34,"loc":{"start":{"line":34,"column":2},"end":{"line":52,"column":3}},"locations":[{"start":{"line":34,"column":2},"end":{"line":52,"column":3}}]},"6":{"type":"branch","line":34,"loc":{"start":{"line":34,"column":74},"end":{"line":52,"column":3}},"locations":[{"start":{"line":34,"column":74},"end":{"line":52,"column":3}}]},"7":{"type":"branch","line":41,"loc":{"start":{"line":41,"column":40},"end":{"line":41,"column":45}},"locations":[{"start":{"line":41,"column":40},"end":{"line":41,"column":45}}]},"8":{"type":"branch","line":43,"loc":{"start":{"line":43,"column":18},"end":{"line":43,"column":54}},"locations":[{"start":{"line":43,"column":18},"end":{"line":43,"column":54}}]},"9":{"type":"branch","line":44,"loc":{"start":{"line":44,"column":-2},"end":{"line":45,"column":72}},"locations":[{"start":{"line":44,"column":-2},"end":{"line":45,"column":72}}]},"10":{"type":"branch","line":46,"loc":{"start":{"line":46,"column":-2},"end":{"line":51,"column":5}},"locations":[{"start":{"line":46,"column":-2},"end":{"line":51,"column":5}}]},"11":{"type":"branch","line":57,"loc":{"start":{"line":57,"column":2},"end":{"line":68,"column":3}},"locations":[{"start":{"line":57,"column":2},"end":{"line":68,"column":3}}]},"12":{"type":"branch","line":57,"loc":{"start":{"line":57,"column":74},"end":{"line":68,"column":3}},"locations":[{"start":{"line":57,"column":74},"end":{"line":68,"column":3}}]},"13":{"type":"branch","line":64,"loc":{"start":{"line":64,"column":6},"end":{"line":67,"column":5}},"locations":[{"start":{"line":64,"column":6},"end":{"line":67,"column":5}}]},"14":{"type":"branch","line":73,"loc":{"start":{"line":73,"column":2},"end":{"line":83,"column":3}},"locations":[{"start":{"line":73,"column":2},"end":{"line":83,"column":3}}]},"15":{"type":"branch","line":73,"loc":{"start":{"line":73,"column":74},"end":{"line":83,"column":3}},"locations":[{"start":{"line":73,"column":74},"end":{"line":83,"column":3}}]},"16":{"type":"branch","line":74,"loc":{"start":{"line":74,"column":38},"end":{"line":74,"column":43}},"locations":[{"start":{"line":74,"column":38},"end":{"line":74,"column":43}}]},"17":{"type":"branch","line":79,"loc":{"start":{"line":79,"column":6},"end":{"line":82,"column":5}},"locations":[{"start":{"line":79,"column":6},"end":{"line":82,"column":5}}]},"18":{"type":"branch","line":88,"loc":{"start":{"line":88,"column":2},"end":{"line":98,"column":3}},"locations":[{"start":{"line":88,"column":2},"end":{"line":98,"column":3}}]},"19":{"type":"branch","line":88,"loc":{"start":{"line":88,"column":74},"end":{"line":98,"column":3}},"locations":[{"start":{"line":88,"column":74},"end":{"line":98,"column":3}}]},"20":{"type":"branch","line":89,"loc":{"start":{"line":89,"column":38},"end":{"line":89,"column":43}},"locations":[{"start":{"line":89,"column":38},"end":{"line":89,"column":43}}]},"21":{"type":"branch","line":94,"loc":{"start":{"line":94,"column":6},"end":{"line":97,"column":5}},"locations":[{"start":{"line":94,"column":6},"end":{"line":97,"column":5}}]}},"b":{"0":[3],"1":[3],"2":[1],"3":[2],"4":[1],"5":[3],"6":[3],"7":[0],"8":[1],"9":[2],"10":[1],"11":[1],"12":[1],"13":[0],"14":[1],"15":[1],"16":[0],"17":[0],"18":[1],"19":[1],"20":[0],"21":[0]},"fnMap":{},"f":{}}
,"C:\\Users\\hakik\\portolio\\nodejs-microservice\\catalog_service\\src\\dto\\product.dto.ts": {"path":"C:\\Users\\hakik\\portolio\\nodejs-microservice\\catalog_service\\src\\dto\\product.dto.ts","all":false,"statementMap":{"0":{"start":{"line":1,"column":0},"end":{"line":1,"column":70}},"1":{"start":{"line":2,"column":0},"end":{"line":2,"column":0}},"2":{"start":{"line":3,"column":0},"end":{"line":3,"column":35}},"3":{"start":{"line":4,"column":0},"end":{"line":4,"column":13}},"4":{"start":{"line":5,"column":0},"end":{"line":5,"column":15}},"5":{"start":{"line":6,"column":0},"end":{"line":6,"column":15}},"6":{"start":{"line":7,"column":0},"end":{"line":7,"column":0}},"7":{"start":{"line":8,"column":0},"end":{"line":8,"column":13}},"8":{"start":{"line":9,"column":0},"end":{"line":9,"column":22}},"9":{"start":{"line":10,"column":0},"end":{"line":10,"column":0}},"10":{"start":{"line":11,"column":0},"end":{"line":11,"column":13}},"11":{"start":{"line":12,"column":0},"end":{"line":12,"column":9}},"12":{"start":{"line":13,"column":0},"end":{"line":13,"column":16}},"13":{"start":{"line":14,"column":0},"end":{"line":14,"column":0}},"14":{"start":{"line":15,"column":0},"end":{"line":15,"column":13}},"15":{"start":{"line":16,"column":0},"end":{"line":16,"column":16}},"16":{"start":{"line":17,"column":0},"end":{"line":17,"column":1}},"17":{"start":{"line":18,"column":0},"end":{"line":18,"column":0}},"18":{"start":{"line":19,"column":0},"end":{"line":19,"column":35}},"19":{"start":{"line":20,"column":0},"end":{"line":20,"column":16}},"20":{"start":{"line":21,"column":0},"end":{"line":21,"column":0}},"21":{"start":{"line":22,"column":0},"end":{"line":22,"column":23}},"22":{"start":{"line":23,"column":0},"end":{"line":23,"column":0}},"23":{"start":{"line":24,"column":0},"end":{"line":24,"column":9}},"24":{"start":{"line":25,"column":0},"end":{"line":25,"column":17}},"25":{"start":{"line":26,"column":0},"end":{"line":26,"column":0}},"26":{"start":{"line":27,"column":0},"end":{"line":27,"column":17}},"27":{"start":{"line":28,"column":0},"end":{"line":28,"column":1}}},"s":{"0":1,"1":1,"2":1,"3":1,"4":1,"5":1,"6":1,"7":1,"8":1,"9":1,"10":1,"11":1,"12":1,"13":1,"14":1,"15":1,"16":1,"17":1,"18":1,"19":1,"20":1,"21":1,"22":1,"23":1,"24":1,"25":1,"26":1,"27":1},"branchMap":{},"b":{},"fnMap":{},"f":{}}
,"C:\\Users\\hakik\\portolio\\nodejs-microservice\\catalog_service\\src\\repository\\catalog.repository.ts": {"path":"C:\\Users\\hakik\\portolio\\nodejs-microservice\\catalog_service\\src\\repository\\catalog.repository.ts","all":false,"statementMap":{"0":{"start":{"line":1,"column":0},"end":{"line":1,"column":78}},"1":{"start":{"line":2,"column":0},"end":{"line":2,"column":50}},"2":{"start":{"line":3,"column":0},"end":{"line":3,"column":0}},"3":{"start":{"line":4,"column":0},"end":{"line":4,"column":62}},"4":{"start":{"line":5,"column":0},"end":{"line":5,"column":43}},"5":{"start":{"line":6,"column":0},"end":{"line":6,"column":47}},"6":{"start":{"line":7,"column":0},"end":{"line":7,"column":3}},"7":{"start":{"line":8,"column":0},"end":{"line":8,"column":43}},"8":{"start":{"line":9,"column":0},"end":{"line":9,"column":47}},"9":{"start":{"line":10,"column":0},"end":{"line":10,"column":3}},"10":{"start":{"line":11,"column":0},"end":{"line":11,"column":44}},"11":{"start":{"line":12,"column":0},"end":{"line":12,"column":47}},"12":{"start":{"line":13,"column":0},"end":{"line":13,"column":3}},"13":{"start":{"line":14,"column":0},"end":{"line":14,"column":30}},"14":{"start":{"line":15,"column":0},"end":{"line":15,"column":47}},"15":{"start":{"line":16,"column":0},"end":{"line":16,"column":3}},"16":{"start":{"line":17,"column":0},"end":{"line":17,"column":41}},"17":{"start":{"line":18,"column":0},"end":{"line":18,"column":47}},"18":{"start":{"line":19,"column":0},"end":{"line":19,"column":3}},"19":{"start":{"line":20,"column":0},"end":{"line":20,"column":1}}},"s":{"0":1,"1":1,"2":1,"3":1,"4":1,"5":0,"6":0,"7":1,"8":0,"9":0,"10":1,"11":0,"12":0,"13":1,"14":0,"15":0,"16":1,"17":0,"18":0,"19":1},"branchMap":{},"b":{},"fnMap":{"0":{"name":"create","decl":{"start":{"line":5,"column":2},"end":{"line":7,"column":3}},"loc":{"start":{"line":5,"column":2},"end":{"line":7,"column":3}},"line":5},"1":{"name":"update","decl":{"start":{"line":8,"column":2},"end":{"line":10,"column":3}},"loc":{"start":{"line":8,"column":2},"end":{"line":10,"column":3}},"line":8},"2":{"name":"delete","decl":{"start":{"line":11,"column":2},"end":{"line":13,"column":3}},"loc":{"start":{"line":11,"column":2},"end":{"line":13,"column":3}},"line":11},"3":{"name":"find","decl":{"start":{"line":14,"column":2},"end":{"line":16,"column":3}},"loc":{"start":{"line":14,"column":2},"end":{"line":16,"column":3}},"line":14},"4":{"name":"findOne","decl":{"start":{"line":17,"column":2},"end":{"line":19,"column":3}},"loc":{"start":{"line":17,"column":2},"end":{"line":19,"column":3}},"line":17}},"f":{"0":0,"1":0,"2":0,"3":0,"4":0}}
,"C:\\Users\\hakik\\portolio\\nodejs-microservice\\catalog_service\\src\\services\\catelog.service.ts": {"path":"C:\\Users\\hakik\\portolio\\nodejs-microservice\\catalog_service\\src\\services\\catelog.service.ts","all":false,"statementMap":{"0":{"start":{"line":1,"column":0},"end":{"line":1,"column":78}},"1":{"start":{"line":2,"column":0},"end":{"line":2,"column":0}},"2":{"start":{"line":3,"column":0},"end":{"line":3,"column":29}},"3":{"start":{"line":4,"column":0},"end":{"line":4,"column":41}},"4":{"start":{"line":5,"column":0},"end":{"line":5,"column":0}},"5":{"start":{"line":6,"column":0},"end":{"line":6,"column":47}},"6":{"start":{"line":7,"column":0},"end":{"line":7,"column":33}},"7":{"start":{"line":8,"column":0},"end":{"line":8,"column":3}},"8":{"start":{"line":9,"column":0},"end":{"line":9,"column":0}},"9":{"start":{"line":10,"column":0},"end":{"line":10,"column":35}},"10":{"start":{"line":11,"column":0},"end":{"line":11,"column":53}},"11":{"start":{"line":12,"column":0},"end":{"line":12,"column":0}},"12":{"start":{"line":13,"column":0},"end":{"line":13,"column":19}},"13":{"start":{"line":14,"column":0},"end":{"line":14,"column":50}},"14":{"start":{"line":15,"column":0},"end":{"line":15,"column":5}},"15":{"start":{"line":16,"column":0},"end":{"line":16,"column":0}},"16":{"start":{"line":17,"column":0},"end":{"line":17,"column":16}},"17":{"start":{"line":18,"column":0},"end":{"line":18,"column":3}},"18":{"start":{"line":19,"column":0},"end":{"line":19,"column":0}},"19":{"start":{"line":20,"column":0},"end":{"line":20,"column":35}},"20":{"start":{"line":21,"column":0},"end":{"line":21,"column":53}},"21":{"start":{"line":22,"column":0},"end":{"line":22,"column":0}},"22":{"start":{"line":23,"column":0},"end":{"line":23,"column":19}},"23":{"start":{"line":24,"column":0},"end":{"line":24,"column":50}},"24":{"start":{"line":25,"column":0},"end":{"line":25,"column":5}},"25":{"start":{"line":26,"column":0},"end":{"line":26,"column":58}},"26":{"start":{"line":27,"column":0},"end":{"line":27,"column":0}},"27":{"start":{"line":28,"column":0},"end":{"line":28,"column":16}},"28":{"start":{"line":29,"column":0},"end":{"line":29,"column":3}},"29":{"start":{"line":30,"column":0},"end":{"line":30,"column":0}},"30":{"start":{"line":31,"column":0},"end":{"line":31,"column":52}},"31":{"start":{"line":32,"column":0},"end":{"line":32,"column":63}},"32":{"start":{"line":33,"column":0},"end":{"line":33,"column":0}},"33":{"start":{"line":34,"column":0},"end":{"line":34,"column":20}},"34":{"start":{"line":35,"column":0},"end":{"line":35,"column":3}},"35":{"start":{"line":36,"column":0},"end":{"line":36,"column":0}},"36":{"start":{"line":37,"column":0},"end":{"line":37,"column":32}},"37":{"start":{"line":38,"column":0},"end":{"line":38,"column":54}},"38":{"start":{"line":39,"column":0},"end":{"line":39,"column":0}},"39":{"start":{"line":40,"column":0},"end":{"line":40,"column":19}},"40":{"start":{"line":41,"column":0},"end":{"line":41,"column":3}},"41":{"start":{"line":42,"column":0},"end":{"line":42,"column":0}},"42":{"start":{"line":43,"column":0},"end":{"line":43,"column":35}},"43":{"start":{"line":44,"column":0},"end":{"line":44,"column":54}},"44":{"start":{"line":45,"column":0},"end":{"line":45,"column":0}},"45":{"start":{"line":46,"column":0},"end":{"line":46,"column":20}},"46":{"start":{"line":47,"column":0},"end":{"line":47,"column":3}},"47":{"start":{"line":48,"column":0},"end":{"line":48,"column":1}}},"s":{"0":1,"1":1,"2":1,"3":1,"4":1,"5":1,"6":1,"7":1,"8":1,"9":1,"10":0,"11":0,"12":0,"13":0,"14":0,"15":0,"16":0,"17":0,"18":1,"19":1,"20":0,"21":0,"22":0,"23":0,"24":0,"25":0,"26":0,"27":0,"28":0,"29":1,"30":1,"31":0,"32":0,"33":0,"34":0,"35":1,"36":1,"37":0,"38":0,"39":0,"40":0,"41":1,"42":1,"43":0,"44":0,"45":0,"46":0,"47":1},"branchMap":{"0":{"type":"branch","line":6,"loc":{"start":{"line":6,"column":2},"end":{"line":8,"column":3}},"locations":[{"start":{"line":6,"column":2},"end":{"line":8,"column":3}}]}},"b":{"0":[1]},"fnMap":{"0":{"name":"CatalogService","decl":{"start":{"line":6,"column":2},"end":{"line":8,"column":3}},"loc":{"start":{"line":6,"column":2},"end":{"line":8,"column":3}},"line":6},"1":{"name":"createProduct","decl":{"start":{"line":10,"column":8},"end":{"line":18,"column":3}},"loc":{"start":{"line":10,"column":8},"end":{"line":18,"column":3}},"line":10},"2":{"name":"updateProduct","decl":{"start":{"line":20,"column":8},"end":{"line":29,"column":3}},"loc":{"start":{"line":20,"column":8},"end":{"line":29,"column":3}},"line":20},"3":{"name":"getProducts","decl":{"start":{"line":31,"column":8},"end":{"line":35,"column":3}},"loc":{"start":{"line":31,"column":8},"end":{"line":35,"column":3}},"line":31},"4":{"name":"getProduct","decl":{"start":{"line":37,"column":8},"end":{"line":41,"column":3}},"loc":{"start":{"line":37,"column":8},"end":{"line":41,"column":3}},"line":37},"5":{"name":"deleteProduct","decl":{"start":{"line":43,"column":8},"end":{"line":47,"column":3}},"loc":{"start":{"line":43,"column":8},"end":{"line":47,"column":3}},"line":43}},"f":{"0":1,"1":0,"2":0,"3":0,"4":0,"5":0}}
,"C:\\Users\\hakik\\portolio\\nodejs-microservice\\catalog_service\\src\\utils\\requestValidator.ts": {"path":"C:\\Users\\hakik\\portolio\\nodejs-microservice\\catalog_service\\src\\utils\\requestValidator.ts","all":false,"statementMap":{"0":{"start":{"line":1,"column":0},"end":{"line":1,"column":67}},"1":{"start":{"line":2,"column":0},"end":{"line":2,"column":60}},"2":{"start":{"line":3,"column":0},"end":{"line":3,"column":0}},"3":{"start":{"line":4,"column":0},"end":{"line":4,"column":31}},"4":{"start":{"line":5,"column":0},"end":{"line":5,"column":12}},"5":{"start":{"line":6,"column":0},"end":{"line":6,"column":42}},"6":{"start":{"line":7,"column":0},"end":{"line":7,"column":40}},"7":{"start":{"line":8,"column":0},"end":{"line":8,"column":38}},"8":{"start":{"line":9,"column":0},"end":{"line":9,"column":5}},"9":{"start":{"line":10,"column":0},"end":{"line":10,"column":0}},"10":{"start":{"line":11,"column":0},"end":{"line":11,"column":22}},"11":{"start":{"line":12,"column":0},"end":{"line":12,"column":18}},"12":{"start":{"line":13,"column":0},"end":{"line":13,"column":3}},"13":{"start":{"line":14,"column":0},"end":{"line":14,"column":0}},"14":{"start":{"line":15,"column":0},"end":{"line":15,"column":15}},"15":{"start":{"line":16,"column":0},"end":{"line":16,"column":2}},"16":{"start":{"line":17,"column":0},"end":{"line":17,"column":0}},"17":{"start":{"line":18,"column":0},"end":{"line":18,"column":42}},"18":{"start":{"line":19,"column":0},"end":{"line":19,"column":28}},"19":{"start":{"line":20,"column":0},"end":{"line":20,"column":11}},"20":{"start":{"line":21,"column":0},"end":{"line":21,"column":6}},"21":{"start":{"line":22,"column":0},"end":{"line":22,"column":41}},"22":{"start":{"line":23,"column":0},"end":{"line":23,"column":46}},"23":{"start":{"line":24,"column":0},"end":{"line":24,"column":0}},"24":{"start":{"line":25,"column":0},"end":{"line":25,"column":15}},"25":{"start":{"line":26,"column":0},"end":{"line":26,"column":31}},"26":{"start":{"line":27,"column":0},"end":{"line":27,"column":38}},"27":{"start":{"line":28,"column":0},"end":{"line":28,"column":49}},"28":{"start":{"line":29,"column":0},"end":{"line":29,"column":7}},"29":{"start":{"line":30,"column":0},"end":{"line":30,"column":18}},"30":{"start":{"line":31,"column":0},"end":{"line":31,"column":0}},"31":{"start":{"line":32,"column":0},"end":{"line":32,"column":43}},"32":{"start":{"line":33,"column":0},"end":{"line":33,"column":3}},"33":{"start":{"line":34,"column":0},"end":{"line":34,"column":0}},"34":{"start":{"line":35,"column":0},"end":{"line":35,"column":34}},"35":{"start":{"line":36,"column":0},"end":{"line":36,"column":2}}},"s":{"0":1,"1":1,"2":1,"3":1,"4":6,"5":6,"6":6,"7":6,"8":6,"9":6,"10":6,"11":2,"12":2,"13":4,"14":4,"15":4,"16":1,"17":1,"18":6,"19":6,"20":6,"21":6,"22":6,"23":6,"24":6,"25":2,"26":2,"27":2,"28":2,"29":2,"30":2,"31":2,"32":2,"33":4,"34":4,"35":4},"branchMap":{"0":{"type":"branch","line":4,"loc":{"start":{"line":4,"column":24},"end":{"line":16,"column":2}},"locations":[{"start":{"line":4,"column":24},"end":{"line":16,"column":2}}]},"1":{"type":"branch","line":6,"loc":{"start":{"line":6,"column":40},"end":{"line":16,"column":2}},"locations":[{"start":{"line":6,"column":40},"end":{"line":16,"column":2}}]},"2":{"type":"branch","line":11,"loc":{"start":{"line":11,"column":21},"end":{"line":13,"column":3}},"locations":[{"start":{"line":11,"column":21},"end":{"line":13,"column":3}}]},"3":{"type":"branch","line":14,"loc":{"start":{"line":14,"column":-2},"end":{"line":16,"column":2}},"locations":[{"start":{"line":14,"column":-2},"end":{"line":16,"column":2}}]},"4":{"type":"branch","line":18,"loc":{"start":{"line":18,"column":32},"end":{"line":36,"column":2}},"locations":[{"start":{"line":18,"column":32},"end":{"line":36,"column":2}}]},"5":{"type":"branch","line":21,"loc":{"start":{"line":21,"column":4},"end":{"line":36,"column":2}},"locations":[{"start":{"line":21,"column":4},"end":{"line":36,"column":2}}]},"6":{"type":"branch","line":25,"loc":{"start":{"line":25,"column":14},"end":{"line":33,"column":3}},"locations":[{"start":{"line":25,"column":14},"end":{"line":33,"column":3}}]},"7":{"type":"branch","line":34,"loc":{"start":{"line":34,"column":-2},"end":{"line":36,"column":2}},"locations":[{"start":{"line":34,"column":-2},"end":{"line":36,"column":2}}]},"8":{"type":"branch","line":27,"loc":{"start":{"line":27,"column":11},"end":{"line":28,"column":49}},"locations":[{"start":{"line":27,"column":11},"end":{"line":28,"column":49}}]}},"b":{"0":[6],"1":[6],"2":[2],"3":[4],"4":[6],"5":[6],"6":[2],"7":[4],"8":[2]},"fnMap":{"0":{"name":"validationError","decl":{"start":{"line":4,"column":24},"end":{"line":16,"column":2}},"loc":{"start":{"line":4,"column":24},"end":{"line":16,"column":2}},"line":4},"1":{"name":"RequestValidator","decl":{"start":{"line":18,"column":32},"end":{"line":36,"column":2}},"loc":{"start":{"line":18,"column":32},"end":{"line":36,"column":2}},"line":18}},"f":{"0":6,"1":6}}
,"C:\\Users\\hakik\\portolio\\nodejs-microservice\\catalog_service\\src\\utils\\fixtures\\index.ts": {"path":"C:\\Users\\hakik\\portolio\\nodejs-microservice\\catalog_service\\src\\utils\\fixtures\\index.ts","all":false,"statementMap":{"0":{"start":{"line":1,"column":0},"end":{"line":1,"column":42}},"1":{"start":{"line":2,"column":0},"end":{"line":2,"column":32}},"2":{"start":{"line":3,"column":0},"end":{"line":3,"column":53}},"3":{"start":{"line":4,"column":0},"end":{"line":4,"column":0}},"4":{"start":{"line":5,"column":0},"end":{"line":5,"column":52}},"5":{"start":{"line":6,"column":0},"end":{"line":6,"column":54}},"6":{"start":{"line":7,"column":0},"end":{"line":7,"column":43}},"7":{"start":{"line":8,"column":0},"end":{"line":8,"column":57}},"8":{"start":{"line":9,"column":0},"end":{"line":9,"column":57}},"9":{"start":{"line":10,"column":0},"end":{"line":10,"column":42}}},"s":{"0":1,"1":1,"2":1,"3":1,"4":1,"5":1,"6":1,"7":1,"8":1,"9":1},"branchMap":{},"b":{},"fnMap":{},"f":{}}
}
